2016-04-07 15:36:41.918 DEBUG [main][RDB2RDF.java:124] - --------------------select start-------------
2016-04-07 15:37:54.171 DEBUG [main][RDB2RDF.java:124] - --------------------select start-------------
2016-04-07 15:37:57.717 DEBUG [main][RDB2RDF.java:142] - -------d2rqModel--- {db:#papers/1 @vocab:papers_Conference db:#conferences/23541; db:#papers/1 @vocab:papers_Abstract "This paper describes an approach to derive assessments about information 
      sources based on individual feedback about the sources. We describe 
      TRELLIS, a system that helps users annotate their analysis of 
      alternative information sources that can be contradictory and 
      incomplete. As the user makes a decision on which sources to dismiss and 
      which to believe in making a final decision, TRELLIS captures the 
      derivation of the decision in a semantic markup. TRELLIS then uses these 
      annotations to derive an assessment of the source based on the 
      annotations of many individuals. Our work builds on the Semantic Web and 
      presents a tool that helps users create annotations that are in a mix of 
      formal and human language, and exploits the formal representations to 
      derive measures of trust in the content of Web resources and their 
      original source."; db:#papers/1 @vocab:papers_PaperID "1"^^http://www.w3.org/2001/XMLSchema#integer; db:#papers/1 @rdfs:label "papers #1"; db:#papers/1 @vocab:papers_Title "Trusting Information Sources One Citizen at a Time"; db:#papers/1 @vocab:papers_URI "http://trellis.semanticweb.org/expect/web/semanticweb/iswc02_trellis.pdf#Trusting Information Sources One Citizen at a Time"; db:#papers/1 @vocab:papers_Year "2002"^^http://www.w3.org/2001/XMLSchema#integer; db:#papers/1 @vocab:papers_Publish "true"^^http://www.w3.org/2001/XMLSchema#boolean; db:#papers/1 @rdf:type vocab:papers; db:#papers/2 @vocab:papers_Conference db:#conferences/23541; db:#papers/2 @vocab:papers_Abstract "This paper describes two approaches for automatically converting RDF Schema 
and RuleML sources into an inference engine and storage repository. Rather than 
using traditional inference systems, our solution bases on mainstream 
technologies like Java and relational database systems. While this necessarily 
imposes some restrictions, the ease of integration into an existing IT landscape 
is a major advantage. We present the conversion tools and their limitations. 
Furthermore, an extension to RuleML is proposed, that allows Java-enabled 
reaction rules, where calls to Java libraries can be performed upon a rule 
firing. This requires hosts to be Java-enabled when rules and code are moved 
across the web. However, the solution allows for great engineering 
flexibility."; db:#papers/2 @vocab:papers_PaperID "2"^^http://www.w3.org/2001/XMLSchema#integer; db:#papers/2 @rdfs:label "papers #2"; db:#papers/2 @vocab:papers_Title "Automatic Generation of Java/SQL based Inference Engines from RDF Schema and RuleML"; db:#papers/2 @vocab:papers_URI "http://www.i-u.de/schools/eberhart/iswc2002/#Automatic Generation of Java/SQL based Inference Engines from RDF Schema and RuleML"; db:#papers/2 @vocab:papers_Year "2002"^^http://www.w3.org/2001/XMLSchema#integer; db:#papers/2 @vocab:papers_Publish "true"^^http://www.w3.org/2001/XMLSchema#boolean...}
2016-04-07 15:39:40.114 DEBUG [main][RDB2RDF.java:104] - --------load start----------
2016-04-07 15:39:40.269 DEBUG [main][RDB2RDF.java:111] - --------load end----------
2016-04-07 15:39:40.270 DEBUG [main][RDB2RDF.java:113] - ---generate RDF success takes :152ms
2016-04-07 15:42:59.647 DEBUG [main][RDB2RDF.java:84] - --------load start----------
2016-04-07 15:42:59.721 DEBUG [main][RDB2RDF.java:94] - --------load end----------
2016-04-07 15:42:59.722 DEBUG [main][RDB2RDF.java:96] - ----generate .ttl txt success takes :72ms
2016-04-07 15:43:51.508 DEBUG [main][RDB2RDF.java:66] - --------load start----------
2016-04-07 15:43:51.549 DEBUG [main][RDB2RDF.java:74] - --------load end----------
2016-04-07 15:43:51.549 DEBUG [main][RDB2RDF.java:76] - ----d2r server start  success takes :38ms
2016-04-07 17:14:24.194 DEBUG [main][RDB2RDF.java:105] - --------load start----------
2016-04-07 17:14:24.402 DEBUG [main][RDB2RDF.java:112] - --------load end----------
2016-04-07 17:14:24.402 DEBUG [main][RDB2RDF.java:114] - ---generate RDF success takes :206ms
2016-04-07 17:14:35.357 DEBUG [main][RDB2RDF.java:67] - --------load start----------
2016-04-07 17:14:35.631 DEBUG [main][RDB2RDF.java:75] - --------load end----------
2016-04-07 17:14:35.632 DEBUG [main][RDB2RDF.java:77] - ----d2r server start  success takes :272ms
2016-04-07 17:21:45.329 DEBUG [main][RDB2RDF.java:67] - --------load start----------
2016-04-07 17:21:45.396 DEBUG [main][RDB2RDF.java:75] - --------load end----------
2016-04-07 17:21:45.397 DEBUG [main][RDB2RDF.java:77] - ----d2r server start  success takes :66ms
