2016-04-01 09:01:37.287 DEBUG [main][SparqlDemo.java:40] - --------------------读取的rdf文本内容-----------------
2016-04-01 09:01:37.773 DEBUG [main][SparqlDemo.java:54] - ----------------sparql查询的内容------------------
2016-04-01 09:01:37.785 DEBUG [main][SparqlDemo.java:57] - -----------results结果集=空
2016-04-01 10:59:07.677 DEBUG [main][SparqlDemo.java:40] - --------------------读取的rdf文本内容-----------------
2016-04-01 10:59:08.038 DEBUG [main][SparqlDemo.java:54] - ----------------sparql查询的内容------------------
2016-04-01 10:59:08.057 DEBUG [main][SparqlDemo.java:57] - -----------results结果集=空
2016-04-01 11:06:42.285 DEBUG [main][SparqlDemo.java:42] - --------------------读取的rdf文本内容-----------------
2016-04-01 11:06:42.360 DEBUG [main][SparqlDemo.java:45] - sparql=SELECT ?x  WHERE { ?x  <http://www.w3.org/2001/vcard-rdf/3.0#FN>  "John Smith" } 
2016-04-01 11:06:42.694 DEBUG [main][SparqlDemo.java:57] - ----------------sparql查询的内容------------------
2016-04-01 11:06:42.708 DEBUG [main][SparqlDemo.java:60] - -----------results结果集=空
2016-04-01 11:11:58.297 DEBUG [main][SparqlDemo.java:46] - --------------------读取的rdf文本内容-----------------
2016-04-01 11:11:58.422 DEBUG [main][SparqlDemo.java:50] - sparql=SELECT ?x  WHERE { ?x  <http://www.w3.org/2001/vcard-rdf/3.0#FN>  "John Smith" } 
2016-04-01 11:11:58.759 DEBUG [main][SparqlDemo.java:62] - ----------------sparql查询的内容------------------
2016-04-01 11:11:58.774 DEBUG [main][SparqlDemo.java:65] - -----------results结果集=空
2016-04-01 11:12:55.058 DEBUG [main][SparqlDemo.java:46] - --------------------读取的rdf文本内容-----------------
2016-04-01 11:12:55.150 DEBUG [main][SparqlDemo.java:50] - sparql=SELECT ?x  WHERE { ?x  <http://www.w3.org/2001/vcard-rdf/3.0#FN>  "John Smith" } 
2016-04-01 11:12:55.509 DEBUG [main][SparqlDemo.java:62] - ----------------sparql查询的内容------------------
2016-04-01 11:12:55.527 DEBUG [main][SparqlDemo.java:65] - -----------results结果集=空
2016-04-01 11:37:36.092 DEBUG [main][SparqlDemo.java:46] - --------------------读取的rdf文本内容-----------------
2016-04-01 11:37:36.124 DEBUG [main][SparqlDemo.java:50] - sparql=SELECT ?x ?fname  WHERE {?x  <http://www.w3.org/2001/vcard-rdf/3.0#FN>  ?fname} 
2016-04-01 11:37:36.538 DEBUG [main][SparqlDemo.java:62] - ----------------sparql查询的内容------------------
2016-04-01 11:37:36.558 DEBUG [main][SparqlDemo.java:65] - -----------results结果集=空
2016-04-01 11:41:15.753 DEBUG [main][SparqlDemo.java:46] - --------------------读取的rdf文本内容-----------------
2016-04-01 11:41:15.784 DEBUG [main][SparqlDemo.java:50] - sparql=SELECT ?givenName  WHERE   { ?y  <http://www.w3.org/2001/vcard-rdf/3.0#Family>  "Smith" .    ?y  <http://www.w3.org/2001/vcard-rdf/3.0#Given>  ?givenName .   }  
2016-04-01 11:41:16.145 DEBUG [main][SparqlDemo.java:62] - ----------------sparql查询的内容------------------
2016-04-01 11:41:16.174 DEBUG [main][SparqlDemo.java:65] - -----------results结果集=空
2016-04-01 11:43:59.405 DEBUG [main][SparqlDemo.java:46] - --------------------读取的rdf文本内容-----------------
2016-04-01 11:43:59.431 DEBUG [main][SparqlDemo.java:50] - sparql=PREFIX vcard:      <http://www.w3.org/2001/vcard-rdf/3.0#>   SELECT ?givenName  WHERE  { ?y vcard:Family "Smith" .   ?y vcard:Given  ?givenName .  }   
2016-04-01 11:43:59.759 DEBUG [main][SparqlDemo.java:56] - ----------------sparql查询的内容------------------
2016-04-01 11:43:59.772 DEBUG [main][SparqlDemo.java:59] - -----------results结果集=空
2016-04-01 11:44:35.675 DEBUG [main][SparqlDemo.java:46] - --------------------读取的rdf文本内容-----------------
2016-04-01 11:44:35.707 DEBUG [main][SparqlDemo.java:50] - sparql=PREFIX vcard:      <http://www.w3.org/2001/vcard-rdf/3.0#>   SELECT ?y ?givenName  WHERE  { ?y vcard:Family "Smith" .   ?y vcard:Given  ?givenName .  }   
2016-04-01 11:44:36.056 DEBUG [main][SparqlDemo.java:56] - ----------------sparql查询的内容------------------
2016-04-01 11:44:36.070 DEBUG [main][SparqlDemo.java:59] - -----------results结果集=空
2016-04-01 11:48:22.303 DEBUG [main][SparqlDemo.java:46] - --------------------读取的rdf文本内容-----------------
2016-04-01 11:48:22.328 DEBUG [main][SparqlDemo.java:50] - sparql=PREFIX vcard: <http://www.w3.org/2001/vcard-rdf/3.0#>   SELECT ?g  WHERE  { ?y vcard:Given ?g .    FILTER regex(?g, "r", "i") }     
2016-04-01 11:48:22.673 DEBUG [main][SparqlDemo.java:56] - ----------------sparql查询的内容------------------
2016-04-01 11:48:22.689 DEBUG [main][SparqlDemo.java:59] - -----------results结果集=空
2016-04-01 11:51:10.779 DEBUG [main][SparqlDemo.java:46] - --------------------读取的rdf文本内容-----------------
2016-04-01 11:51:10.805 DEBUG [main][SparqlDemo.java:50] - sparql=PREFIX info: <http://somewhere/peopleInfo#>    SELECT ?resource  WHERE    {     ?resource info:age ?age .     FILTER (?age >= 24)    }       
2016-04-01 11:51:11.155 DEBUG [main][SparqlDemo.java:56] - ----------------sparql查询的内容------------------
2016-04-01 11:51:11.161 DEBUG [main][SparqlDemo.java:59] - -----------results结果集=空
2016-04-01 15:34:51.857 DEBUG [main][SparqlDemo.java:46] - --------------------读取的rdf文本内容-----------------
2016-04-01 15:34:51.896 DEBUG [main][SparqlDemo.java:50] - sparql=PREFIX info: <http://somewhere/peopleInfo#>    SELECT ?resource  WHERE    {     ?resource info:age ?age .     FILTER (?age >= 24)    }
2016-04-01 15:34:52.302 DEBUG [main][SparqlDemo.java:56] - ----------------sparql查询的内容------------------
2016-04-01 15:34:52.310 DEBUG [main][SparqlDemo.java:59] - -----------results结果集=空
