2016-03-29 20:08:19.287 DEBUG [main][RDF2Mysql.java:66] - -------mysql数据库连接成功~
2016-03-29 20:08:20.333 DEBUG [main][RDF2Mysql.java:71] - <ModelCom   {http://owl.man.ac.uk/2006/07/sssw/people @rdf:type owl:Ontology; :drives @rdf:type owl:ObjectProperty; :drives @rdfs:label "drives"^^http://www.w3.org/2001/XMLSchema#string; :drives @rdfs:comment ""^^http://www.w3.org/2001/XMLSchema#string; :eaten_by @rdf:type owl:ObjectProperty; :eaten_by @rdfs:label "eaten_by"^^http://www.w3.org/2001/XMLSchema#string; :eaten_by @rdfs:comment ""^^http://www.w3.org/2001/XMLSchema#string; :eats @rdf:type owl:ObjectProperty; :eats @rdfs:label "eats"^^http://www.w3.org/2001/XMLSchema#string; :eats @rdfs:comment ""^^http://www.w3.org/2001/XMLSchema#string; :eats @rdfs:domain :animal; :eats @owl:inverseOf :eaten_by; :has_child @rdf:type owl:ObjectProperty; :has_child @rdfs:label "has_child"^^http://www.w3.org/2001/XMLSchema#string; :has_child @rdfs:comment ""^^http://www.w3.org/2001/XMLSchema#string; :has_father @rdf:type owl:ObjectProperty; :has_father @rdfs:label "has_father"^^http://www.w3.org/2001/XMLSchema#string...} | > :false
2016-03-29 20:08:20.368 DEBUG [main][RDF2Mysql.java:145] - adult
2016-03-29 20:08:20.370 DEBUG [main][RDF2Mysql.java:145] - animal
2016-03-29 20:08:20.372 DEBUG [main][RDF2Mysql.java:145] - animal_lover
2016-03-29 20:08:20.374 DEBUG [main][RDF2Mysql.java:145] - null
2016-03-29 20:08:20.375 DEBUG [main][RDF2Mysql.java:145] - bicycle
2016-03-29 20:08:20.377 DEBUG [main][RDF2Mysql.java:145] - bone
2016-03-29 20:08:20.379 DEBUG [main][RDF2Mysql.java:145] - brain
2016-03-29 20:08:20.381 DEBUG [main][RDF2Mysql.java:145] - broadsheet
2016-03-29 20:08:20.383 DEBUG [main][RDF2Mysql.java:145] - bus
2016-03-29 20:08:20.385 DEBUG [main][RDF2Mysql.java:145] - bus_company
2016-03-29 20:08:20.387 DEBUG [main][RDF2Mysql.java:145] - bus_driver
2016-03-29 20:08:20.389 DEBUG [main][RDF2Mysql.java:145] - null
2016-03-29 20:08:20.391 DEBUG [main][RDF2Mysql.java:145] - car
2016-03-29 20:08:20.393 DEBUG [main][RDF2Mysql.java:145] - cat
2016-03-29 20:08:20.395 DEBUG [main][RDF2Mysql.java:145] - cat_liker
2016-03-29 20:08:20.397 DEBUG [main][RDF2Mysql.java:145] - null
2016-03-29 20:08:20.399 DEBUG [main][RDF2Mysql.java:145] - cat_owner
2016-03-29 20:08:20.400 DEBUG [main][RDF2Mysql.java:145] - null
2016-03-29 20:08:20.402 DEBUG [main][RDF2Mysql.java:145] - company
2016-03-29 20:08:20.404 DEBUG [main][RDF2Mysql.java:145] - cow
2016-03-29 20:08:20.406 DEBUG [main][RDF2Mysql.java:145] - dog
2016-03-29 20:08:20.408 DEBUG [main][RDF2Mysql.java:145] - dog_liker
2016-03-29 20:08:20.409 DEBUG [main][RDF2Mysql.java:145] - null
2016-03-29 20:08:20.411 DEBUG [main][RDF2Mysql.java:145] - dog_owner
2016-03-29 20:08:20.413 DEBUG [main][RDF2Mysql.java:145] - null
2016-03-29 20:08:20.415 DEBUG [main][RDF2Mysql.java:145] - driver
2016-03-29 20:08:20.416 DEBUG [main][RDF2Mysql.java:145] - null
2016-03-29 20:08:20.418 DEBUG [main][RDF2Mysql.java:145] - duck
2016-03-29 20:08:20.419 DEBUG [main][RDF2Mysql.java:145] - elderly
2016-03-29 20:08:20.421 DEBUG [main][RDF2Mysql.java:145] - female
2016-03-29 20:08:20.423 DEBUG [main][RDF2Mysql.java:145] - giraffe
2016-03-29 20:08:20.425 DEBUG [main][RDF2Mysql.java:145] - grass
2016-03-29 20:08:20.427 DEBUG [main][RDF2Mysql.java:145] - grownup
2016-03-29 20:08:20.428 DEBUG [main][RDF2Mysql.java:145] - null
2016-03-29 20:08:20.430 DEBUG [main][RDF2Mysql.java:145] - haulage_company
2016-03-29 20:08:20.432 DEBUG [main][RDF2Mysql.java:145] - haulage_truck_driver
2016-03-29 20:08:20.434 DEBUG [main][RDF2Mysql.java:145] - null
2016-03-29 20:08:20.436 DEBUG [main][RDF2Mysql.java:145] - haulage_worker
2016-03-29 20:08:20.438 DEBUG [main][RDF2Mysql.java:145] - null
2016-03-29 20:08:20.439 DEBUG [main][RDF2Mysql.java:145] - kid
2016-03-29 20:08:20.441 DEBUG [main][RDF2Mysql.java:145] - null
2016-03-29 20:08:20.445 DEBUG [main][RDF2Mysql.java:145] - leaf
2016-03-29 20:08:20.447 DEBUG [main][RDF2Mysql.java:145] - lorry
2016-03-29 20:08:20.449 DEBUG [main][RDF2Mysql.java:145] - lorry_driver
2016-03-29 20:08:20.450 DEBUG [main][RDF2Mysql.java:145] - null
2016-03-29 20:08:20.453 DEBUG [main][RDF2Mysql.java:145] - mad_cow
2016-03-29 20:08:20.455 DEBUG [main][RDF2Mysql.java:145] - null
2016-03-29 20:08:20.458 DEBUG [main][RDF2Mysql.java:145] - null
2016-03-29 20:08:20.461 DEBUG [main][RDF2Mysql.java:145] - magazine
2016-03-29 20:08:20.464 DEBUG [main][RDF2Mysql.java:145] - male
2016-03-29 20:08:20.467 DEBUG [main][RDF2Mysql.java:145] - man
2016-03-29 20:08:20.470 DEBUG [main][RDF2Mysql.java:145] - null
2016-03-29 20:08:20.473 DEBUG [main][RDF2Mysql.java:145] - newspaper
2016-03-29 20:08:20.474 DEBUG [main][RDF2Mysql.java:145] - null
2016-03-29 20:08:20.476 DEBUG [main][RDF2Mysql.java:145] - old_lady
2016-03-29 20:08:20.478 DEBUG [main][RDF2Mysql.java:145] - null
2016-03-29 20:08:20.479 DEBUG [main][RDF2Mysql.java:145] - null
2016-03-29 20:08:20.481 DEBUG [main][RDF2Mysql.java:145] - person
2016-03-29 20:08:20.483 DEBUG [main][RDF2Mysql.java:145] - pet
2016-03-29 20:08:20.485 DEBUG [main][RDF2Mysql.java:145] - pet_owner
2016-03-29 20:08:20.486 DEBUG [main][RDF2Mysql.java:145] - null
2016-03-29 20:08:20.488 DEBUG [main][RDF2Mysql.java:145] - plant
2016-03-29 20:08:20.490 DEBUG [main][RDF2Mysql.java:145] - publication
2016-03-29 20:08:20.491 DEBUG [main][RDF2Mysql.java:145] - quality_broadsheet
2016-03-29 20:08:20.493 DEBUG [main][RDF2Mysql.java:145] - red_top
2016-03-29 20:08:20.494 DEBUG [main][RDF2Mysql.java:145] - sheep
2016-03-29 20:08:20.496 DEBUG [main][RDF2Mysql.java:145] - tabloid
2016-03-29 20:08:20.498 DEBUG [main][RDF2Mysql.java:145] - tiger
2016-03-29 20:08:20.500 DEBUG [main][RDF2Mysql.java:145] - tree
2016-03-29 20:08:20.503 DEBUG [main][RDF2Mysql.java:145] - truck
2016-03-29 20:08:20.506 DEBUG [main][RDF2Mysql.java:145] - van
2016-03-29 20:08:20.509 DEBUG [main][RDF2Mysql.java:145] - van_driver
2016-03-29 20:08:20.510 DEBUG [main][RDF2Mysql.java:145] - null
2016-03-29 20:08:20.512 DEBUG [main][RDF2Mysql.java:145] - vegetarian
2016-03-29 20:08:20.514 DEBUG [main][RDF2Mysql.java:145] - null
2016-03-29 20:08:20.515 DEBUG [main][RDF2Mysql.java:145] - null
2016-03-29 20:08:20.517 DEBUG [main][RDF2Mysql.java:145] - null
2016-03-29 20:08:20.518 DEBUG [main][RDF2Mysql.java:145] - vehicle
2016-03-29 20:08:20.520 DEBUG [main][RDF2Mysql.java:145] - white_thing
2016-03-29 20:08:20.521 DEBUG [main][RDF2Mysql.java:145] - white_van_man
2016-03-29 20:08:20.523 DEBUG [main][RDF2Mysql.java:145] - null
2016-03-29 20:08:20.524 DEBUG [main][RDF2Mysql.java:145] - null
2016-03-29 20:08:20.526 DEBUG [main][RDF2Mysql.java:145] - woman
2016-03-29 20:08:20.527 DEBUG [main][RDF2Mysql.java:145] - null
2016-03-29 20:08:20.529 DEBUG [main][RDF2Mysql.java:145] - young
2016-03-29 20:08:20.531 DEBUG [main][RDF2Mysql.java:145] - Thing
2016-03-29 20:08:20.532 DEBUG [main][RDF2Mysql.java:145] - null
2016-03-29 20:08:20.534 DEBUG [main][RDF2Mysql.java:145] - null
2016-03-29 20:08:20.535 DEBUG [main][RDF2Mysql.java:145] - null
2016-03-29 20:08:20.537 DEBUG [main][RDF2Mysql.java:145] - null
2016-03-29 20:08:20.538 DEBUG [main][RDF2Mysql.java:145] - null
2016-03-29 20:08:20.540 DEBUG [main][RDF2Mysql.java:145] - null
2016-03-29 20:08:20.541 DEBUG [main][RDF2Mysql.java:145] - null
2016-03-29 20:08:20.543 DEBUG [main][RDF2Mysql.java:145] - null
2016-03-29 20:08:20.545 DEBUG [main][RDF2Mysql.java:145] - null
2016-03-29 20:08:20.547 DEBUG [main][RDF2Mysql.java:145] - null
2016-03-29 20:08:20.549 DEBUG [main][RDF2Mysql.java:145] - null
2016-03-29 20:08:20.551 DEBUG [main][RDF2Mysql.java:145] - null
2016-03-29 20:08:20.554 DEBUG [main][RDF2Mysql.java:145] - null
2016-03-29 20:08:20.558 DEBUG [main][RDF2Mysql.java:145] - null
2016-03-29 20:08:20.560 DEBUG [main][RDF2Mysql.java:145] - null
2016-03-29 20:08:20.563 DEBUG [main][RDF2Mysql.java:145] - null
2016-03-29 20:08:20.565 DEBUG [main][RDF2Mysql.java:145] - null
2016-03-29 20:08:20.567 DEBUG [main][RDF2Mysql.java:145] - null
2016-03-29 20:08:20.569 DEBUG [main][RDF2Mysql.java:145] - null
2016-03-29 20:08:20.572 DEBUG [main][RDF2Mysql.java:145] - null
2016-03-29 20:08:20.574 DEBUG [main][RDF2Mysql.java:145] - null
2016-03-29 20:08:20.576 DEBUG [main][RDF2Mysql.java:145] - null
2016-03-29 20:08:20.578 DEBUG [main][RDF2Mysql.java:145] - null
2016-03-29 20:08:20.580 DEBUG [main][RDF2Mysql.java:145] - null
2016-03-29 20:08:20.582 DEBUG [main][RDF2Mysql.java:145] - null
2016-03-29 20:08:20.584 DEBUG [main][RDF2Mysql.java:145] - null
2016-03-29 20:08:20.587 DEBUG [main][RDF2Mysql.java:145] - null
2016-03-29 20:08:20.588 DEBUG [main][RDF2Mysql.java:145] - null
2016-03-29 20:08:20.590 DEBUG [main][RDF2Mysql.java:145] - null
2016-03-29 20:08:20.592 DEBUG [main][RDF2Mysql.java:145] - null
2016-03-29 20:08:20.593 DEBUG [main][RDF2Mysql.java:145] - null
2016-03-29 20:08:20.595 DEBUG [main][RDF2Mysql.java:145] - null
2016-03-29 20:08:20.598 DEBUG [main][RDF2Mysql.java:145] - null
2016-03-29 20:08:20.600 DEBUG [main][RDF2Mysql.java:145] - null
2016-03-29 20:08:20.602 DEBUG [main][RDF2Mysql.java:145] - null
2016-03-29 20:09:52.189 DEBUG [main][RDF2Mysql.java:66] - -------mysql数据库连接成功~
2016-03-29 20:09:53.211 DEBUG [main][RDF2Mysql.java:71] - <ModelCom   {http://owl.man.ac.uk/2006/07/sssw/people @rdf:type owl:Ontology; :drives @rdf:type owl:ObjectProperty; :drives @rdfs:label "drives"^^http://www.w3.org/2001/XMLSchema#string; :drives @rdfs:comment ""^^http://www.w3.org/2001/XMLSchema#string; :eaten_by @rdf:type owl:ObjectProperty; :eaten_by @rdfs:label "eaten_by"^^http://www.w3.org/2001/XMLSchema#string; :eaten_by @rdfs:comment ""^^http://www.w3.org/2001/XMLSchema#string; :eats @rdf:type owl:ObjectProperty; :eats @rdfs:label "eats"^^http://www.w3.org/2001/XMLSchema#string; :eats @rdfs:comment ""^^http://www.w3.org/2001/XMLSchema#string; :eats @rdfs:domain :animal; :eats @owl:inverseOf :eaten_by; :has_child @rdf:type owl:ObjectProperty; :has_child @rdfs:label "has_child"^^http://www.w3.org/2001/XMLSchema#string; :has_child @rdfs:comment ""^^http://www.w3.org/2001/XMLSchema#string; :has_father @rdf:type owl:ObjectProperty; :has_father @rdfs:label "has_father"^^http://www.w3.org/2001/XMLSchema#string...} | > :false
2016-03-29 20:09:53.227 DEBUG [main][RDF2Mysql.java:145] - adult
2016-03-29 20:09:53.230 DEBUG [main][RDF2Mysql.java:145] - animal
2016-03-29 20:09:53.232 DEBUG [main][RDF2Mysql.java:145] - animal_lover
2016-03-29 20:09:53.234 DEBUG [main][RDF2Mysql.java:145] - null
2016-03-29 20:09:53.236 DEBUG [main][RDF2Mysql.java:145] - bicycle
2016-03-29 20:09:53.238 DEBUG [main][RDF2Mysql.java:145] - bone
2016-03-29 20:09:53.240 DEBUG [main][RDF2Mysql.java:145] - brain
2016-03-29 20:09:53.242 DEBUG [main][RDF2Mysql.java:145] - broadsheet
2016-03-29 20:09:53.245 DEBUG [main][RDF2Mysql.java:145] - bus
2016-03-29 20:09:53.248 DEBUG [main][RDF2Mysql.java:145] - bus_company
2016-03-29 20:09:53.251 DEBUG [main][RDF2Mysql.java:145] - bus_driver
2016-03-29 20:09:53.253 DEBUG [main][RDF2Mysql.java:145] - null
2016-03-29 20:09:53.255 DEBUG [main][RDF2Mysql.java:145] - car
2016-03-29 20:09:53.257 DEBUG [main][RDF2Mysql.java:145] - cat
2016-03-29 20:09:53.259 DEBUG [main][RDF2Mysql.java:145] - cat_liker
2016-03-29 20:09:53.261 DEBUG [main][RDF2Mysql.java:145] - null
2016-03-29 20:09:53.262 DEBUG [main][RDF2Mysql.java:145] - cat_owner
2016-03-29 20:09:53.264 DEBUG [main][RDF2Mysql.java:145] - null
2016-03-29 20:09:53.266 DEBUG [main][RDF2Mysql.java:145] - company
2016-03-29 20:09:53.267 DEBUG [main][RDF2Mysql.java:145] - cow
2016-03-29 20:09:53.269 DEBUG [main][RDF2Mysql.java:145] - dog
2016-03-29 20:09:53.271 DEBUG [main][RDF2Mysql.java:145] - dog_liker
2016-03-29 20:09:53.273 DEBUG [main][RDF2Mysql.java:145] - null
2016-03-29 20:09:53.275 DEBUG [main][RDF2Mysql.java:145] - dog_owner
2016-03-29 20:09:53.277 DEBUG [main][RDF2Mysql.java:145] - null
2016-03-29 20:09:53.278 DEBUG [main][RDF2Mysql.java:145] - driver
2016-03-29 20:09:53.280 DEBUG [main][RDF2Mysql.java:145] - null
2016-03-29 20:09:53.281 DEBUG [main][RDF2Mysql.java:145] - duck
2016-03-29 20:09:53.283 DEBUG [main][RDF2Mysql.java:145] - elderly
2016-03-29 20:09:53.284 DEBUG [main][RDF2Mysql.java:145] - female
2016-03-29 20:09:53.286 DEBUG [main][RDF2Mysql.java:145] - giraffe
2016-03-29 20:09:53.288 DEBUG [main][RDF2Mysql.java:145] - grass
2016-03-29 20:09:53.290 DEBUG [main][RDF2Mysql.java:145] - grownup
2016-03-29 20:09:53.291 DEBUG [main][RDF2Mysql.java:145] - null
2016-03-29 20:09:53.293 DEBUG [main][RDF2Mysql.java:145] - haulage_company
2016-03-29 20:09:53.295 DEBUG [main][RDF2Mysql.java:145] - haulage_truck_driver
2016-03-29 20:09:53.297 DEBUG [main][RDF2Mysql.java:145] - null
2016-03-29 20:09:53.299 DEBUG [main][RDF2Mysql.java:145] - haulage_worker
2016-03-29 20:09:53.301 DEBUG [main][RDF2Mysql.java:145] - null
2016-03-29 20:09:53.304 DEBUG [main][RDF2Mysql.java:145] - kid
2016-03-29 20:09:53.307 DEBUG [main][RDF2Mysql.java:145] - null
2016-03-29 20:09:53.309 DEBUG [main][RDF2Mysql.java:145] - leaf
2016-03-29 20:09:53.311 DEBUG [main][RDF2Mysql.java:145] - lorry
2016-03-29 20:09:53.313 DEBUG [main][RDF2Mysql.java:145] - lorry_driver
2016-03-29 20:09:53.315 DEBUG [main][RDF2Mysql.java:145] - null
2016-03-29 20:09:53.317 DEBUG [main][RDF2Mysql.java:145] - mad_cow
2016-03-29 20:09:53.319 DEBUG [main][RDF2Mysql.java:145] - null
2016-03-29 20:09:53.321 DEBUG [main][RDF2Mysql.java:145] - null
2016-03-29 20:09:53.323 DEBUG [main][RDF2Mysql.java:145] - magazine
2016-03-29 20:09:53.325 DEBUG [main][RDF2Mysql.java:145] - male
2016-03-29 20:09:53.327 DEBUG [main][RDF2Mysql.java:145] - man
2016-03-29 20:09:53.329 DEBUG [main][RDF2Mysql.java:145] - null
2016-03-29 20:09:53.330 DEBUG [main][RDF2Mysql.java:145] - newspaper
2016-03-29 20:09:53.332 DEBUG [main][RDF2Mysql.java:145] - null
2016-03-29 20:09:53.333 DEBUG [main][RDF2Mysql.java:145] - old_lady
2016-03-29 20:09:53.335 DEBUG [main][RDF2Mysql.java:145] - null
2016-03-29 20:09:53.337 DEBUG [main][RDF2Mysql.java:145] - null
2016-03-29 20:09:53.338 DEBUG [main][RDF2Mysql.java:145] - person
2016-03-29 20:09:53.340 DEBUG [main][RDF2Mysql.java:145] - pet
2016-03-29 20:09:53.342 DEBUG [main][RDF2Mysql.java:145] - pet_owner
2016-03-29 20:09:53.344 DEBUG [main][RDF2Mysql.java:145] - null
2016-03-29 20:09:53.345 DEBUG [main][RDF2Mysql.java:145] - plant
2016-03-29 20:09:53.347 DEBUG [main][RDF2Mysql.java:145] - publication
2016-03-29 20:09:53.348 DEBUG [main][RDF2Mysql.java:145] - quality_broadsheet
2016-03-29 20:09:53.350 DEBUG [main][RDF2Mysql.java:145] - red_top
2016-03-29 20:09:53.351 DEBUG [main][RDF2Mysql.java:145] - sheep
2016-03-29 20:09:53.353 DEBUG [main][RDF2Mysql.java:145] - tabloid
2016-03-29 20:09:53.354 DEBUG [main][RDF2Mysql.java:145] - tiger
2016-03-29 20:09:53.356 DEBUG [main][RDF2Mysql.java:145] - tree
2016-03-29 20:09:53.358 DEBUG [main][RDF2Mysql.java:145] - truck
2016-03-29 20:09:53.359 DEBUG [main][RDF2Mysql.java:145] - van
2016-03-29 20:09:53.361 DEBUG [main][RDF2Mysql.java:145] - van_driver
2016-03-29 20:09:53.362 DEBUG [main][RDF2Mysql.java:145] - null
2016-03-29 20:09:53.364 DEBUG [main][RDF2Mysql.java:145] - vegetarian
2016-03-29 20:09:53.365 DEBUG [main][RDF2Mysql.java:145] - null
2016-03-29 20:09:53.367 DEBUG [main][RDF2Mysql.java:145] - null
2016-03-29 20:09:53.368 DEBUG [main][RDF2Mysql.java:145] - null
2016-03-29 20:09:53.370 DEBUG [main][RDF2Mysql.java:145] - vehicle
2016-03-29 20:09:53.371 DEBUG [main][RDF2Mysql.java:145] - white_thing
2016-03-29 20:09:53.373 DEBUG [main][RDF2Mysql.java:145] - white_van_man
2016-03-29 20:09:53.374 DEBUG [main][RDF2Mysql.java:145] - null
2016-03-29 20:09:53.376 DEBUG [main][RDF2Mysql.java:145] - null
2016-03-29 20:09:53.377 DEBUG [main][RDF2Mysql.java:145] - woman
2016-03-29 20:09:53.379 DEBUG [main][RDF2Mysql.java:145] - null
2016-03-29 20:09:53.380 DEBUG [main][RDF2Mysql.java:145] - young
2016-03-29 20:09:53.382 DEBUG [main][RDF2Mysql.java:145] - Thing
2016-03-29 20:09:53.383 DEBUG [main][RDF2Mysql.java:145] - null
2016-03-29 20:09:53.385 DEBUG [main][RDF2Mysql.java:145] - null
2016-03-29 20:09:53.386 DEBUG [main][RDF2Mysql.java:145] - null
2016-03-29 20:09:53.388 DEBUG [main][RDF2Mysql.java:145] - null
2016-03-29 20:09:53.390 DEBUG [main][RDF2Mysql.java:145] - null
2016-03-29 20:09:53.392 DEBUG [main][RDF2Mysql.java:145] - null
2016-03-29 20:09:53.394 DEBUG [main][RDF2Mysql.java:145] - null
2016-03-29 20:09:53.396 DEBUG [main][RDF2Mysql.java:145] - null
2016-03-29 20:09:53.398 DEBUG [main][RDF2Mysql.java:145] - null
2016-03-29 20:09:53.400 DEBUG [main][RDF2Mysql.java:145] - null
2016-03-29 20:09:53.402 DEBUG [main][RDF2Mysql.java:145] - null
2016-03-29 20:09:53.403 DEBUG [main][RDF2Mysql.java:145] - null
2016-03-29 20:09:53.405 DEBUG [main][RDF2Mysql.java:145] - null
2016-03-29 20:09:53.407 DEBUG [main][RDF2Mysql.java:145] - null
2016-03-29 20:09:53.409 DEBUG [main][RDF2Mysql.java:145] - null
2016-03-29 20:09:53.411 DEBUG [main][RDF2Mysql.java:145] - null
2016-03-29 20:09:53.413 DEBUG [main][RDF2Mysql.java:145] - null
2016-03-29 20:09:53.415 DEBUG [main][RDF2Mysql.java:145] - null
2016-03-29 20:09:53.417 DEBUG [main][RDF2Mysql.java:145] - null
2016-03-29 20:09:53.420 DEBUG [main][RDF2Mysql.java:145] - null
2016-03-29 20:09:53.422 DEBUG [main][RDF2Mysql.java:145] - null
2016-03-29 20:09:53.424 DEBUG [main][RDF2Mysql.java:145] - null
2016-03-29 20:09:53.426 DEBUG [main][RDF2Mysql.java:145] - null
2016-03-29 20:09:53.428 DEBUG [main][RDF2Mysql.java:145] - null
2016-03-29 20:09:53.431 DEBUG [main][RDF2Mysql.java:145] - null
2016-03-29 20:09:53.432 DEBUG [main][RDF2Mysql.java:145] - null
2016-03-29 20:09:53.434 DEBUG [main][RDF2Mysql.java:145] - null
2016-03-29 20:09:53.436 DEBUG [main][RDF2Mysql.java:145] - null
2016-03-29 20:09:53.438 DEBUG [main][RDF2Mysql.java:145] - null
2016-03-29 20:09:53.441 DEBUG [main][RDF2Mysql.java:145] - null
2016-03-29 20:09:53.443 DEBUG [main][RDF2Mysql.java:145] - null
2016-03-29 20:09:53.445 DEBUG [main][RDF2Mysql.java:145] - null
2016-03-29 20:09:53.447 DEBUG [main][RDF2Mysql.java:145] - null
2016-03-29 20:09:53.449 DEBUG [main][RDF2Mysql.java:145] - null
2016-03-29 20:09:53.451 DEBUG [main][RDF2Mysql.java:145] - null
