2016-04-25 15:12:04.110 DEBUG [main][RDB2RDF.java:125] - --------------------select start-------------
2016-04-25 15:12:06.691 DEBUG [main][RDB2RDF.java:143] - -------d2rqModel--- {db:#papers/1 @vocab:papers_Conference db:#conferences/23541; db:#papers/1 @vocab:papers_Abstract "This paper describes an approach to derive assessments about information 
      sources based on individual feedback about the sources. We describe 
      TRELLIS, a system that helps users annotate their analysis of 
      alternative information sources that can be contradictory and 
      incomplete. As the user makes a decision on which sources to dismiss and 
      which to believe in making a final decision, TRELLIS captures the 
      derivation of the decision in a semantic markup. TRELLIS then uses these 
      annotations to derive an assessment of the source based on the 
      annotations of many individuals. Our work builds on the Semantic Web and 
      presents a tool that helps users create annotations that are in a mix of 
      formal and human language, and exploits the formal representations to 
      derive measures of trust in the content of Web resources and their 
      original source."; db:#papers/1 @vocab:papers_PaperID "1"^^http://www.w3.org/2001/XMLSchema#integer; db:#papers/1 @rdfs:label "papers #1"; db:#papers/1 @vocab:papers_Title "Trusting Information Sources One Citizen at a Time"; db:#papers/1 @vocab:papers_URI "http://trellis.semanticweb.org/expect/web/semanticweb/iswc02_trellis.pdf#Trusting Information Sources One Citizen at a Time"; db:#papers/1 @vocab:papers_Year "2002"^^http://www.w3.org/2001/XMLSchema#integer; db:#papers/1 @vocab:papers_Publish "true"^^http://www.w3.org/2001/XMLSchema#boolean; db:#papers/1 @rdf:type vocab:papers; db:#papers/2 @vocab:papers_Conference db:#conferences/23541; db:#papers/2 @vocab:papers_Abstract "This paper describes two approaches for automatically converting RDF Schema 
and RuleML sources into an inference engine and storage repository. Rather than 
using traditional inference systems, our solution bases on mainstream 
technologies like Java and relational database systems. While this necessarily 
imposes some restrictions, the ease of integration into an existing IT landscape 
is a major advantage. We present the conversion tools and their limitations. 
Furthermore, an extension to RuleML is proposed, that allows Java-enabled 
reaction rules, where calls to Java libraries can be performed upon a rule 
firing. This requires hosts to be Java-enabled when rules and code are moved 
across the web. However, the solution allows for great engineering 
flexibility."; db:#papers/2 @vocab:papers_PaperID "2"^^http://www.w3.org/2001/XMLSchema#integer; db:#papers/2 @rdfs:label "papers #2"; db:#papers/2 @vocab:papers_Title "Automatic Generation of Java/SQL based Inference Engines from RDF Schema and RuleML"; db:#papers/2 @vocab:papers_URI "http://www.i-u.de/schools/eberhart/iswc2002/#Automatic Generation of Java/SQL based Inference Engines from RDF Schema and RuleML"; db:#papers/2 @vocab:papers_Year "2002"^^http://www.w3.org/2001/XMLSchema#integer; db:#papers/2 @vocab:papers_Publish "true"^^http://www.w3.org/2001/XMLSchema#boolean...}
2016-04-25 15:14:38.941 DEBUG [main][SparqlDemo.java:49] - --------------------读取的rdf文本内容-----------------
2016-04-25 15:14:38.966 DEBUG [main][SparqlDemo.java:53] - sparql=SELECT ?x  WHERE { ?x  <http://www.w3.org/2001/vcard-rdf/3.0#FN>  "John Smith" } 
2016-04-25 15:14:39.250 DEBUG [main][SparqlDemo.java:59] - ----------------sparql查询的内容------------------
2016-04-25 15:14:39.264 DEBUG [main][SparqlDemo.java:62] - -----------results结果集=空
2016-04-25 15:16:02.855 DEBUG [main][RDB2RDF.java:125] - --------------------select start-------------
2016-04-25 15:16:05.153 DEBUG [main][RDB2RDF.java:138] - -------d2rqModel--- {db:#papers/1 @vocab:papers_Conference db:#conferences/23541; db:#papers/1 @vocab:papers_Abstract "This paper describes an approach to derive assessments about information 
      sources based on individual feedback about the sources. We describe 
      TRELLIS, a system that helps users annotate their analysis of 
      alternative information sources that can be contradictory and 
      incomplete. As the user makes a decision on which sources to dismiss and 
      which to believe in making a final decision, TRELLIS captures the 
      derivation of the decision in a semantic markup. TRELLIS then uses these 
      annotations to derive an assessment of the source based on the 
      annotations of many individuals. Our work builds on the Semantic Web and 
      presents a tool that helps users create annotations that are in a mix of 
      formal and human language, and exploits the formal representations to 
      derive measures of trust in the content of Web resources and their 
      original source."; db:#papers/1 @vocab:papers_PaperID "1"^^http://www.w3.org/2001/XMLSchema#integer; db:#papers/1 @rdfs:label "papers #1"; db:#papers/1 @vocab:papers_Title "Trusting Information Sources One Citizen at a Time"; db:#papers/1 @vocab:papers_URI "http://trellis.semanticweb.org/expect/web/semanticweb/iswc02_trellis.pdf#Trusting Information Sources One Citizen at a Time"; db:#papers/1 @vocab:papers_Year "2002"^^http://www.w3.org/2001/XMLSchema#integer; db:#papers/1 @vocab:papers_Publish "true"^^http://www.w3.org/2001/XMLSchema#boolean; db:#papers/1 @rdf:type vocab:papers; db:#papers/2 @vocab:papers_Conference db:#conferences/23541; db:#papers/2 @vocab:papers_Abstract "This paper describes two approaches for automatically converting RDF Schema 
and RuleML sources into an inference engine and storage repository. Rather than 
using traditional inference systems, our solution bases on mainstream 
technologies like Java and relational database systems. While this necessarily 
imposes some restrictions, the ease of integration into an existing IT landscape 
is a major advantage. We present the conversion tools and their limitations. 
Furthermore, an extension to RuleML is proposed, that allows Java-enabled 
reaction rules, where calls to Java libraries can be performed upon a rule 
firing. This requires hosts to be Java-enabled when rules and code are moved 
across the web. However, the solution allows for great engineering 
flexibility."; db:#papers/2 @vocab:papers_PaperID "2"^^http://www.w3.org/2001/XMLSchema#integer; db:#papers/2 @rdfs:label "papers #2"; db:#papers/2 @vocab:papers_Title "Automatic Generation of Java/SQL based Inference Engines from RDF Schema and RuleML"; db:#papers/2 @vocab:papers_URI "http://www.i-u.de/schools/eberhart/iswc2002/#Automatic Generation of Java/SQL based Inference Engines from RDF Schema and RuleML"; db:#papers/2 @vocab:papers_Year "2002"^^http://www.w3.org/2001/XMLSchema#integer; db:#papers/2 @vocab:papers_Publish "true"^^http://www.w3.org/2001/XMLSchema#boolean...}
2016-04-25 15:19:23.118 DEBUG [main][RDB2RDF.java:125] - --------------------select start-------------
2016-04-25 15:19:25.240 DEBUG [main][RDB2RDF.java:138] - -------d2rqModel--- {db:#papers/1 @vocab:papers_Conference db:#conferences/23541; db:#papers/1 @vocab:papers_Abstract "This paper describes an approach to derive assessments about information 
      sources based on individual feedback about the sources. We describe 
      TRELLIS, a system that helps users annotate their analysis of 
      alternative information sources that can be contradictory and 
      incomplete. As the user makes a decision on which sources to dismiss and 
      which to believe in making a final decision, TRELLIS captures the 
      derivation of the decision in a semantic markup. TRELLIS then uses these 
      annotations to derive an assessment of the source based on the 
      annotations of many individuals. Our work builds on the Semantic Web and 
      presents a tool that helps users create annotations that are in a mix of 
      formal and human language, and exploits the formal representations to 
      derive measures of trust in the content of Web resources and their 
      original source."; db:#papers/1 @vocab:papers_PaperID "1"^^http://www.w3.org/2001/XMLSchema#integer; db:#papers/1 @rdfs:label "papers #1"; db:#papers/1 @vocab:papers_Title "Trusting Information Sources One Citizen at a Time"; db:#papers/1 @vocab:papers_URI "http://trellis.semanticweb.org/expect/web/semanticweb/iswc02_trellis.pdf#Trusting Information Sources One Citizen at a Time"; db:#papers/1 @vocab:papers_Year "2002"^^http://www.w3.org/2001/XMLSchema#integer; db:#papers/1 @vocab:papers_Publish "true"^^http://www.w3.org/2001/XMLSchema#boolean; db:#papers/1 @rdf:type vocab:papers; db:#papers/2 @vocab:papers_Conference db:#conferences/23541; db:#papers/2 @vocab:papers_Abstract "This paper describes two approaches for automatically converting RDF Schema 
and RuleML sources into an inference engine and storage repository. Rather than 
using traditional inference systems, our solution bases on mainstream 
technologies like Java and relational database systems. While this necessarily 
imposes some restrictions, the ease of integration into an existing IT landscape 
is a major advantage. We present the conversion tools and their limitations. 
Furthermore, an extension to RuleML is proposed, that allows Java-enabled 
reaction rules, where calls to Java libraries can be performed upon a rule 
firing. This requires hosts to be Java-enabled when rules and code are moved 
across the web. However, the solution allows for great engineering 
flexibility."; db:#papers/2 @vocab:papers_PaperID "2"^^http://www.w3.org/2001/XMLSchema#integer; db:#papers/2 @rdfs:label "papers #2"; db:#papers/2 @vocab:papers_Title "Automatic Generation of Java/SQL based Inference Engines from RDF Schema and RuleML"; db:#papers/2 @vocab:papers_URI "http://www.i-u.de/schools/eberhart/iswc2002/#Automatic Generation of Java/SQL based Inference Engines from RDF Schema and RuleML"; db:#papers/2 @vocab:papers_Year "2002"^^http://www.w3.org/2001/XMLSchema#integer; db:#papers/2 @vocab:papers_Publish "true"^^http://www.w3.org/2001/XMLSchema#boolean...}
2016-04-25 15:23:21.155 DEBUG [main][RDB2RDF.java:67] - --------load start----------
2016-04-25 15:23:21.282 DEBUG [main][RDB2RDF.java:75] - --------load end----------
2016-04-25 15:23:21.282 DEBUG [main][RDB2RDF.java:77] - ----d2r server start  success takes :124ms
2016-04-25 15:42:48.687 DEBUG [main][RDB2RDF.java:125] - --------------------select start-------------
2016-04-25 15:42:50.825 DEBUG [main][RDB2RDF.java:138] - -------d2rqModel--- {db:#papers/1 @vocab:papers_Conference db:#conferences/23541; db:#papers/1 @vocab:papers_Abstract "This paper describes an approach to derive assessments about information 
      sources based on individual feedback about the sources. We describe 
      TRELLIS, a system that helps users annotate their analysis of 
      alternative information sources that can be contradictory and 
      incomplete. As the user makes a decision on which sources to dismiss and 
      which to believe in making a final decision, TRELLIS captures the 
      derivation of the decision in a semantic markup. TRELLIS then uses these 
      annotations to derive an assessment of the source based on the 
      annotations of many individuals. Our work builds on the Semantic Web and 
      presents a tool that helps users create annotations that are in a mix of 
      formal and human language, and exploits the formal representations to 
      derive measures of trust in the content of Web resources and their 
      original source."; db:#papers/1 @vocab:papers_Publish "true"^^http://www.w3.org/2001/XMLSchema#boolean; db:#papers/1 @rdfs:label "papers #1"; db:#papers/1 @vocab:papers_Title "Trusting Information Sources One Citizen at a Time"; db:#papers/1 @vocab:papers_Year "2002"^^http://www.w3.org/2001/XMLSchema#integer; db:#papers/1 @vocab:papers_PaperID "1"^^http://www.w3.org/2001/XMLSchema#integer; db:#papers/1 @vocab:papers_URI "http://trellis.semanticweb.org/expect/web/semanticweb/iswc02_trellis.pdf#Trusting Information Sources One Citizen at a Time"; db:#papers/1 @rdf:type vocab:papers; db:#papers/2 @vocab:papers_Conference db:#conferences/23541; db:#papers/2 @vocab:papers_Abstract "This paper describes two approaches for automatically converting RDF Schema 
and RuleML sources into an inference engine and storage repository. Rather than 
using traditional inference systems, our solution bases on mainstream 
technologies like Java and relational database systems. While this necessarily 
imposes some restrictions, the ease of integration into an existing IT landscape 
is a major advantage. We present the conversion tools and their limitations. 
Furthermore, an extension to RuleML is proposed, that allows Java-enabled 
reaction rules, where calls to Java libraries can be performed upon a rule 
firing. This requires hosts to be Java-enabled when rules and code are moved 
across the web. However, the solution allows for great engineering 
flexibility."; db:#papers/2 @vocab:papers_Publish "true"^^http://www.w3.org/2001/XMLSchema#boolean; db:#papers/2 @rdfs:label "papers #2"; db:#papers/2 @vocab:papers_Title "Automatic Generation of Java/SQL based Inference Engines from RDF Schema and RuleML"; db:#papers/2 @vocab:papers_Year "2002"^^http://www.w3.org/2001/XMLSchema#integer; db:#papers/2 @vocab:papers_PaperID "2"^^http://www.w3.org/2001/XMLSchema#integer; db:#papers/2 @vocab:papers_URI "http://www.i-u.de/schools/eberhart/iswc2002/#Automatic Generation of Java/SQL based Inference Engines from RDF Schema and RuleML"...}
2016-04-25 15:44:19.783 DEBUG [main][RDB2RDF.java:125] - --------------------select start-------------
2016-04-25 15:44:23.393 DEBUG [main][RDB2RDF.java:138] - -------d2rqModel--- {db:#busi_entity_type/0000007057 @vocab:busi_entity_type_esort_id db:#busi_entity_sort/KEHU; db:#busi_entity_type/0000007057 @vocab:busi_entity_type_entity_name "何平"; db:#busi_entity_type/0000007057 @rdfs:label "busi_entity_type #0000007057"; db:#busi_entity_type/0000007057 @vocab:busi_entity_type_entity_id "0000007057"; db:#busi_entity_type/0000007057 @rdf:type vocab:busi_entity_type; db:#busi_entity_type/0000007716 @vocab:busi_entity_type_esort_id db:#busi_entity_sort/KEHU; db:#busi_entity_type/0000007716 @vocab:busi_entity_type_entity_name "吴素红"; db:#busi_entity_type/0000007716 @rdfs:label "busi_entity_type #0000007716"; db:#busi_entity_type/0000007716 @vocab:busi_entity_type_entity_id "0000007716"; db:#busi_entity_type/0000007716 @rdf:type vocab:busi_entity_type; db:#busi_entity_type/0000014457 @vocab:busi_entity_type_esort_id db:#busi_entity_sort/KEHU; db:#busi_entity_type/0000014457 @vocab:busi_entity_type_entity_name "汪亚平"; db:#busi_entity_type/0000014457 @rdfs:label "busi_entity_type #0000014457"; db:#busi_entity_type/0000014457 @vocab:busi_entity_type_entity_id "0000014457"; db:#busi_entity_type/0000014457 @rdf:type vocab:busi_entity_type; db:#busi_entity_type/0000014709 @vocab:busi_entity_type_esort_id db:#busi_entity_sort/KEHU; db:#busi_entity_type/0000014709 @vocab:busi_entity_type_entity_name "郭小荣"...}
2016-04-25 15:50:33.497 DEBUG [main][RDB2RDF.java:129] - --------------------select start-------------
2016-04-25 15:50:34.289 DEBUG [main][RDB2RDF.java:136] - -------------------PREFIX rdf: <http://www.w3.org/1999/02/22-rdf-syntax-ns#>PREFIX map: <file:///C:/Program%20Files/d2rq-0.8.1/ontology.rdf/>PREFIX owl: <http://www.w3.org/2002/07/owl#>PREFIX db: <file:///C:/Program%20Files/d2rq-0.8.1/ontology.rdf>PREFIX rdfs: <http://www.w3.org/2000/01/rdf-schema#>PREFIX xsd: <http://www.w3.org/2001/XMLSchema#>PREFIX vocab: <file:///C:/Program%20Files/d2rq-0.8.1/vocab/>SELECT DISTINCT ?resource ?value ?name WHERE { ?resource vocab:busi_field_field_id ?value .        ?resource vocab:busi_field_field_name ?name}ORDER BY ?resource ?value
2016-04-25 15:50:35.091 DEBUG [main][RDB2RDF.java:145] - -------d2rqModel--- {db:#busi_entity_type/0000007057 @vocab:busi_entity_type_esort_id db:#busi_entity_sort/KEHU; db:#busi_entity_type/0000007057 @vocab:busi_entity_type_entity_name "何平"; db:#busi_entity_type/0000007057 @rdfs:label "busi_entity_type #0000007057"; db:#busi_entity_type/0000007057 @vocab:busi_entity_type_entity_id "0000007057"; db:#busi_entity_type/0000007057 @rdf:type vocab:busi_entity_type; db:#busi_entity_type/0000007716 @vocab:busi_entity_type_esort_id db:#busi_entity_sort/KEHU; db:#busi_entity_type/0000007716 @vocab:busi_entity_type_entity_name "吴素红"; db:#busi_entity_type/0000007716 @rdfs:label "busi_entity_type #0000007716"; db:#busi_entity_type/0000007716 @vocab:busi_entity_type_entity_id "0000007716"; db:#busi_entity_type/0000007716 @rdf:type vocab:busi_entity_type; db:#busi_entity_type/0000014457 @vocab:busi_entity_type_esort_id db:#busi_entity_sort/KEHU; db:#busi_entity_type/0000014457 @vocab:busi_entity_type_entity_name "汪亚平"; db:#busi_entity_type/0000014457 @rdfs:label "busi_entity_type #0000014457"; db:#busi_entity_type/0000014457 @vocab:busi_entity_type_entity_id "0000014457"; db:#busi_entity_type/0000014457 @rdf:type vocab:busi_entity_type; db:#busi_entity_type/0000014709 @vocab:busi_entity_type_esort_id db:#busi_entity_sort/KEHU; db:#busi_entity_type/0000014709 @vocab:busi_entity_type_entity_name "郭小荣"...}
2016-04-25 15:52:28.733 DEBUG [main][RDB2RDF.java:129] - --------------------select start-------------
2016-04-25 15:52:29.553 DEBUG [main][RDB2RDF.java:136] - -------------------PREFIX rdf: <http://www.w3.org/1999/02/22-rdf-syntax-ns#>PREFIX map: <file:///C:/Program%20Files/d2rq-0.8.1/ontology.rdf/>PREFIX owl: <http://www.w3.org/2002/07/owl#>PREFIX db: <file:///C:/Program%20Files/d2rq-0.8.1/ontology.rdf>PREFIX rdfs: <http://www.w3.org/2000/01/rdf-schema#>PREFIX xsd: <http://www.w3.org/2001/XMLSchema#>PREFIX vocab: <file:///C:/Program%20Files/d2rq-0.8.1/vocab/>SELECT DISTINCT ?class WHERE { [] a ?class } ORDER BY ?class  
2016-04-25 15:52:31.907 DEBUG [main][RDB2RDF.java:145] - -------d2rqModel--- {db:#busi_entity_type/0000007057 @vocab:busi_entity_type_esort_id db:#busi_entity_sort/KEHU; db:#busi_entity_type/0000007057 @vocab:busi_entity_type_entity_name "何平"; db:#busi_entity_type/0000007057 @rdfs:label "busi_entity_type #0000007057"; db:#busi_entity_type/0000007057 @vocab:busi_entity_type_entity_id "0000007057"; db:#busi_entity_type/0000007057 @rdf:type vocab:busi_entity_type; db:#busi_entity_type/0000007716 @vocab:busi_entity_type_esort_id db:#busi_entity_sort/KEHU; db:#busi_entity_type/0000007716 @vocab:busi_entity_type_entity_name "吴素红"; db:#busi_entity_type/0000007716 @rdfs:label "busi_entity_type #0000007716"; db:#busi_entity_type/0000007716 @vocab:busi_entity_type_entity_id "0000007716"; db:#busi_entity_type/0000007716 @rdf:type vocab:busi_entity_type; db:#busi_entity_type/0000014457 @vocab:busi_entity_type_esort_id db:#busi_entity_sort/KEHU; db:#busi_entity_type/0000014457 @vocab:busi_entity_type_entity_name "汪亚平"; db:#busi_entity_type/0000014457 @rdfs:label "busi_entity_type #0000014457"; db:#busi_entity_type/0000014457 @vocab:busi_entity_type_entity_id "0000014457"; db:#busi_entity_type/0000014457 @rdf:type vocab:busi_entity_type; db:#busi_entity_type/0000014709 @vocab:busi_entity_type_esort_id db:#busi_entity_sort/KEHU; db:#busi_entity_type/0000014709 @vocab:busi_entity_type_entity_name "郭小荣"...}
2016-04-25 15:53:06.037 DEBUG [main][RDB2RDF.java:129] - --------------------select start-------------
2016-04-25 15:53:06.842 DEBUG [main][RDB2RDF.java:136] - -------------------PREFIX rdf: <http://www.w3.org/1999/02/22-rdf-syntax-ns#>PREFIX map: <file:///C:/Program%20Files/d2rq-0.8.1/ontology.rdf/>PREFIX owl: <http://www.w3.org/2002/07/owl#>PREFIX db: <file:///C:/Program%20Files/d2rq-0.8.1/ontology.rdf>PREFIX rdfs: <http://www.w3.org/2000/01/rdf-schema#>PREFIX xsd: <http://www.w3.org/2001/XMLSchema#>PREFIX vocab: <file:///C:/Program%20Files/d2rq-0.8.1/vocab/>SELECT DISTINCT ?class WHERE { [] a ?class } ORDER BY ?class  
2016-04-25 15:53:09.125 DEBUG [main][RDB2RDF.java:145] - -------d2rqModel---de.fuberlin.wiwiss.d2rq.map.Mapping@128bc54a
2016-04-25 15:53:32.176 DEBUG [main][RDB2RDF.java:129] - --------------------select start-------------
2016-04-25 15:53:33.104 DEBUG [main][RDB2RDF.java:136] - -------------------PREFIX rdf: <http://www.w3.org/1999/02/22-rdf-syntax-ns#>PREFIX map: <file:///C:/Program%20Files/d2rq-0.8.1/ontology.rdf/>PREFIX owl: <http://www.w3.org/2002/07/owl#>PREFIX db: <file:///C:/Program%20Files/d2rq-0.8.1/ontology.rdf>PREFIX rdfs: <http://www.w3.org/2000/01/rdf-schema#>PREFIX xsd: <http://www.w3.org/2001/XMLSchema#>PREFIX vocab: <file:///C:/Program%20Files/d2rq-0.8.1/vocab/>SELECT DISTINCT ?class WHERE { [] a ?class } ORDER BY ?class  
2016-04-25 15:53:35.348 DEBUG [main][RDB2RDF.java:145] - -------d2rqModel---<R com.hp.hpl.jena.graph.impl.SimpleReifierFragmentsMap@31a45d1d|com.hp.hpl.jena.graph.impl.SimpleReifierTripleMap@1ddd3461>
2016-04-25 15:54:33.311 DEBUG [main][RDB2RDF.java:129] - --------------------select start-------------
2016-04-25 15:54:34.115 DEBUG [main][RDB2RDF.java:136] - -------------------PREFIX rdf: <http://www.w3.org/1999/02/22-rdf-syntax-ns#>PREFIX map: <file:///C:/Program%20Files/d2rq-0.8.1/ontology.rdf/>PREFIX owl: <http://www.w3.org/2002/07/owl#>PREFIX db: <file:///C:/Program%20Files/d2rq-0.8.1/ontology.rdf>PREFIX rdfs: <http://www.w3.org/2000/01/rdf-schema#>PREFIX xsd: <http://www.w3.org/2001/XMLSchema#>PREFIX vocab: <file:///C:/Program%20Files/d2rq-0.8.1/vocab/>SELECT DISTINCT ?resource ?value WHERE { ?resource <file:///C:/Program%20Files/d2rq-0.8.1/vocab/busi_entity_sort_field_id> ?value }ORDER BY ?resource ?value  
2016-04-25 15:54:34.710 DEBUG [main][RDB2RDF.java:145] - -------d2rqModel---<R com.hp.hpl.jena.graph.impl.SimpleReifierFragmentsMap@d32f43e|com.hp.hpl.jena.graph.impl.SimpleReifierTripleMap@c411937>
2016-04-25 15:55:09.433 DEBUG [main][RDB2RDF.java:129] - --------------------select start-------------
2016-04-25 15:55:10.367 DEBUG [main][RDB2RDF.java:136] - -------------------PREFIX rdf: <http://www.w3.org/1999/02/22-rdf-syntax-ns#>PREFIX map: <file:///C:/Program%20Files/d2rq-0.8.1/ontology.rdf/>PREFIX owl: <http://www.w3.org/2002/07/owl#>PREFIX db: <file:///C:/Program%20Files/d2rq-0.8.1/ontology.rdf>PREFIX rdfs: <http://www.w3.org/2000/01/rdf-schema#>PREFIX xsd: <http://www.w3.org/2001/XMLSchema#>PREFIX vocab: <file:///C:/Program%20Files/d2rq-0.8.1/vocab/>SELECT DISTINCT ?resource ?value ?name WHERE { ?resource vocab:busi_field_field_id ?value .        ?resource vocab:busi_field_field_name ?name}ORDER BY ?resource ?value 
2016-04-25 15:55:11.016 DEBUG [main][RDB2RDF.java:145] - -------d2rqModel---<R com.hp.hpl.jena.graph.impl.SimpleReifierFragmentsMap@4e95d868|com.hp.hpl.jena.graph.impl.SimpleReifierTripleMap@4fb2bc26>
2016-04-25 15:55:58.842 DEBUG [main][RDB2RDF.java:129] - --------------------select start-------------
2016-04-25 15:55:59.659 DEBUG [main][RDB2RDF.java:136] - -------------------PREFIX rdf: <http://www.w3.org/1999/02/22-rdf-syntax-ns#>PREFIX map: <file:///C:/Program%20Files/d2rq-0.8.1/ontology.rdf/>PREFIX owl: <http://www.w3.org/2002/07/owl#>PREFIX db: <file:///C:/Program%20Files/d2rq-0.8.1/ontology.rdf>PREFIX rdfs: <http://www.w3.org/2000/01/rdf-schema#>PREFIX xsd: <http://www.w3.org/2001/XMLSchema#>PREFIX vocab: <file:///C:/Program%20Files/d2rq-0.8.1/vocab/>SELECT DISTINCT ?resource ?value ?name WHERE { ?resource <file:///C:/Program%20Files/d2rq-0.8.1/vocab/busi_field_field_id> ?value .        ?resource <file:///C:/Program%20Files/d2rq-0.8.1/vocab/busi_field_field_name> ?name}ORDER BY ?resource ?value
2016-04-25 15:56:00.257 DEBUG [main][RDB2RDF.java:145] - -------d2rqModel---<R com.hp.hpl.jena.graph.impl.SimpleReifierFragmentsMap@5f5e8baa|com.hp.hpl.jena.graph.impl.SimpleReifierTripleMap@382376d0>
2016-04-25 15:57:07.692 DEBUG [main][RDB2RDF.java:129] - --------------------select start-------------
